{"D:\\Workspace\\st\\js_ut\\ut_jest\\main.js": {"path":"D:\\Workspace\\st\\js_ut\\ut_jest\\main.js","statementMap":{"0":{"start":{"line":2,"column":4},"end":{"line":2,"column":28}},"1":{"start":{"line":6,"column":4},"end":{"line":6,"column":20}},"2":{"start":{"line":9,"column":0},"end":{"line":9,"column":45}}},"fnMap":{"0":{"name":"isOddNumber","decl":{"start":{"line":1,"column":9},"end":{"line":1,"column":20}},"loc":{"start":{"line":1,"column":29},"end":{"line":3,"column":1}},"line":1},"1":{"name":"cloneArray","decl":{"start":{"line":5,"column":9},"end":{"line":5,"column":19}},"loc":{"start":{"line":5,"column":25},"end":{"line":7,"column":1}},"line":5}},"branchMap":{},"s":{"0":2,"1":1,"2":1},"f":{"0":2,"1":1},"b":{},"_coverageSchema":"1a1c01bbd47fc00a2c39e90264f33305004495a9","hash":"b72075fc01ec55e46dfc2bf7aa63674e3239c8a6"}
}
